<?xml version="1.0" encoding="UTF-8"?>
<robot generator="Robot 3.2.2 (Python 3.11.0 on darwin)" generated="20221219 19:21:15.327" rpa="false">
<suite id="s1" name="sampleTest" source="/Users/adarsh/Documents/CE/robot-example/sampleTest.robot">
<test id="s1-t1" name="BrowserStack Demo Website">
<kw name="Open Browser" library="SeleniumLibrary">
<doc>Opens a new browser instance to the optional ``url``.</doc>
<arguments>
<arg>https://bstackdemo.com/signin</arg>
<arg>Chrome</arg>
</arguments>
<msg timestamp="20221219 19:21:15.392" level="INFO">Opening browser 'Chrome' to base url 'https://bstackdemo.com/signin'.</msg>
<status status="PASS" starttime="20221219 19:21:15.392" endtime="20221219 19:21:25.317"></status>
</kw>
<kw name="Click Element" library="SeleniumLibrary">
<doc>Click the element identified by ``locator``.</doc>
<arguments>
<arg>//div[text()='Select Username']</arg>
</arguments>
<msg timestamp="20221219 19:21:25.317" level="INFO">Clicking element '//div[text()='Select Username']'.</msg>
<status status="PASS" starttime="20221219 19:21:25.317" endtime="20221219 19:21:26.019"></status>
</kw>
<kw name="Wait Until Element Is Visible" library="SeleniumLibrary">
<doc>Waits until the element ``locator`` is visible.</doc>
<arguments>
<arg>//div[@id="react-select-2-option-0-0"]</arg>
</arguments>
<status status="PASS" starttime="20221219 19:21:26.019" endtime="20221219 19:21:26.090"></status>
</kw>
<kw name="Click Element" library="SeleniumLibrary">
<doc>Click the element identified by ``locator``.</doc>
<arguments>
<arg>//div[@id="react-select-2-option-0-0"]</arg>
</arguments>
<msg timestamp="20221219 19:21:26.090" level="INFO">Clicking element '//div[@id="react-select-2-option-0-0"]'.</msg>
<status status="PASS" starttime="20221219 19:21:26.090" endtime="20221219 19:21:26.276"></status>
</kw>
<kw name="Click Element" library="SeleniumLibrary">
<doc>Click the element identified by ``locator``.</doc>
<arguments>
<arg>//div[text()='Select Password']</arg>
</arguments>
<msg timestamp="20221219 19:21:26.276" level="INFO">Clicking element '//div[text()='Select Password']'.</msg>
<status status="PASS" starttime="20221219 19:21:26.276" endtime="20221219 19:21:26.423"></status>
</kw>
<kw name="Wait Until Element Is Visible" library="SeleniumLibrary">
<doc>Waits until the element ``locator`` is visible.</doc>
<arguments>
<arg>//div[@id="react-select-3-option-0-0"]</arg>
</arguments>
<status status="PASS" starttime="20221219 19:21:26.423" endtime="20221219 19:21:26.454"></status>
</kw>
<kw name="Click Element" library="SeleniumLibrary">
<doc>Click the element identified by ``locator``.</doc>
<arguments>
<arg>//div[@id="react-select-3-option-0-0"]</arg>
</arguments>
<msg timestamp="20221219 19:21:26.455" level="INFO">Clicking element '//div[@id="react-select-3-option-0-0"]'.</msg>
<status status="PASS" starttime="20221219 19:21:26.454" endtime="20221219 19:21:26.581"></status>
</kw>
<kw name="Click Element" library="SeleniumLibrary">
<doc>Click the element identified by ``locator``.</doc>
<arguments>
<arg>//button[@id="login-btn"]</arg>
</arguments>
<msg timestamp="20221219 19:21:26.581" level="INFO">Clicking element '//button[@id="login-btn"]'.</msg>
<status status="PASS" starttime="20221219 19:21:26.581" endtime="20221219 19:21:26.732"></status>
</kw>
<kw name="Wait Until Element Is Visible" library="SeleniumLibrary">
<doc>Waits until the element ``locator`` is visible.</doc>
<arguments>
<arg>//div[@class="shelf-item__buy-btn"]</arg>
</arguments>
<status status="PASS" starttime="20221219 19:21:26.732" endtime="20221219 19:21:29.776"></status>
</kw>
<kw name="Click Element" library="SeleniumLibrary">
<doc>Click the element identified by ``locator``.</doc>
<arguments>
<arg>//div[@class="shelf-item__buy-btn"]</arg>
</arguments>
<msg timestamp="20221219 19:21:29.776" level="INFO">Clicking element '//div[@class="shelf-item__buy-btn"]'.</msg>
<status status="PASS" starttime="20221219 19:21:29.776" endtime="20221219 19:21:29.919"></status>
</kw>
<kw name="Click Element" library="SeleniumLibrary">
<doc>Click the element identified by ``locator``.</doc>
<arguments>
<arg>//span[text()='Google']</arg>
</arguments>
<msg timestamp="20221219 19:21:29.920" level="INFO">Clicking element '//span[text()='Google']'.</msg>
<status status="PASS" starttime="20221219 19:21:29.919" endtime="20221219 19:21:30.016"></status>
</kw>
<kw name="Wait Until Element Is Visible" library="SeleniumLibrary">
<doc>Waits until the element ``locator`` is visible.</doc>
<arguments>
<arg>xpath=(//div[@class="shelf-item__buy-btn"])[2]</arg>
</arguments>
<status status="PASS" starttime="20221219 19:21:30.017" endtime="20221219 19:21:30.049"></status>
</kw>
<kw name="Click Element" library="SeleniumLibrary">
<doc>Click the element identified by ``locator``.</doc>
<arguments>
<arg>xpath=(//div[@class="shelf-item__buy-btn"])[2]</arg>
</arguments>
<msg timestamp="20221219 19:21:30.049" level="INFO">Clicking element 'xpath=(//div[@class="shelf-item__buy-btn"])[2]'.</msg>
<status status="PASS" starttime="20221219 19:21:30.049" endtime="20221219 19:21:31.010"></status>
</kw>
<kw name="Click Element" library="SeleniumLibrary">
<doc>Click the element identified by ``locator``.</doc>
<arguments>
<arg>//div[@class="buy-btn"]</arg>
</arguments>
<msg timestamp="20221219 19:21:31.010" level="INFO">Clicking element '//div[@class="buy-btn"]'.</msg>
<status status="PASS" starttime="20221219 19:21:31.010" endtime="20221219 19:21:31.179"></status>
</kw>
<kw name="Wait Until Location Is" library="SeleniumLibrary">
<doc>Waits until the current URL is ``expected``.</doc>
<arguments>
<arg>https://bstackdemo.com/checkout</arg>
</arguments>
<status status="PASS" starttime="20221219 19:21:31.179" endtime="20221219 19:21:33.424"></status>
</kw>
<kw name="Input Text" library="SeleniumLibrary">
<doc>Types the given ``text`` into the text field identified by ``locator``.</doc>
<arguments>
<arg>//input[@id="firstNameInput"]</arg>
<arg>Adarsh</arg>
</arguments>
<msg timestamp="20221219 19:21:33.424" level="INFO">Typing text 'Adarsh' into text field '//input[@id="firstNameInput"]'.</msg>
<status status="PASS" starttime="20221219 19:21:33.424" endtime="20221219 19:21:33.625"></status>
</kw>
<kw name="Input Text" library="SeleniumLibrary">
<doc>Types the given ``text`` into the text field identified by ``locator``.</doc>
<arguments>
<arg>//input[@id="lastNameInput"]</arg>
<arg>S</arg>
</arguments>
<msg timestamp="20221219 19:21:33.626" level="INFO">Typing text 'S' into text field '//input[@id="lastNameInput"]'.</msg>
<status status="PASS" starttime="20221219 19:21:33.625" endtime="20221219 19:21:33.668"></status>
</kw>
<kw name="Input Text" library="SeleniumLibrary">
<doc>Types the given ``text`` into the text field identified by ``locator``.</doc>
<arguments>
<arg>//input[@id="addressLine1Input"]</arg>
<arg>Street1</arg>
</arguments>
<msg timestamp="20221219 19:21:33.668" level="INFO">Typing text 'Street1' into text field '//input[@id="addressLine1Input"]'.</msg>
<status status="PASS" starttime="20221219 19:21:33.668" endtime="20221219 19:21:33.727"></status>
</kw>
<kw name="Input Text" library="SeleniumLibrary">
<doc>Types the given ``text`` into the text field identified by ``locator``.</doc>
<arguments>
<arg>//input[@id="provinceInput"]</arg>
<arg>State</arg>
</arguments>
<msg timestamp="20221219 19:21:33.727" level="INFO">Typing text 'State' into text field '//input[@id="provinceInput"]'.</msg>
<status status="PASS" starttime="20221219 19:21:33.727" endtime="20221219 19:21:33.768"></status>
</kw>
<kw name="Click Element" library="SeleniumLibrary">
<doc>Click the element identified by ``locator``.</doc>
<arguments>
<arg>//div[@class="checkout-address"]</arg>
</arguments>
<msg timestamp="20221219 19:21:33.768" level="INFO">Clicking element '//div[@class="checkout-address"]'.</msg>
<status status="PASS" starttime="20221219 19:21:33.768" endtime="20221219 19:21:33.793"></status>
</kw>
<kw name="Input Text" library="SeleniumLibrary">
<doc>Types the given ``text`` into the text field identified by ``locator``.</doc>
<arguments>
<arg>//input[@id="postCodeInput"]</arg>
<arg>4999</arg>
</arguments>
<msg timestamp="20221219 19:21:33.793" level="INFO">Typing text '4999' into text field '//input[@id="postCodeInput"]'.</msg>
<status status="PASS" starttime="20221219 19:21:33.793" endtime="20221219 19:21:33.840"></status>
</kw>
<kw name="Click Element" library="SeleniumLibrary">
<doc>Click the element identified by ``locator``.</doc>
<arguments>
<arg>//button[@id="checkout-shipping-continue"]</arg>
</arguments>
<msg timestamp="20221219 19:21:33.841" level="INFO">Clicking element '//button[@id="checkout-shipping-continue"]'.</msg>
<status status="PASS" starttime="20221219 19:21:33.840" endtime="20221219 19:21:33.909"></status>
</kw>
<kw name="Wait Until Location Is" library="SeleniumLibrary">
<doc>Waits until the current URL is ``expected``.</doc>
<arguments>
<arg>https://bstackdemo.com/confirmation</arg>
</arguments>
<status status="PASS" starttime="20221219 19:21:33.909" endtime="20221219 19:21:35.158"></status>
</kw>
<status status="PASS" starttime="20221219 19:21:15.392" endtime="20221219 19:21:35.158" critical="yes"></status>
</test>
<status status="PASS" starttime="20221219 19:21:15.328" endtime="20221219 19:21:35.159"></status>
</suite>
<statistics>
<total>
<stat pass="1" fail="0">Critical Tests</stat>
<stat pass="1" fail="0">All Tests</stat>
</total>
<tag>
</tag>
<suite>
<stat pass="1" fail="0" id="s1" name="sampleTest">sampleTest</stat>
</suite>
</statistics>
<errors>
</errors>
</robot>
